2024-11-18 13:46:50,051 | INFO: Rejected all cookies.
2024-11-18 13:46:50,051 | INFO: Trying to play video.
2024-11-18 13:46:50,072 | INFO: Clicked the search bar.
2024-11-18 13:46:50,641 | INFO: Sent keyword.
2024-11-18 13:46:58,316 | INFO: Starting screen recording.
2024-11-18 13:47:50,452 | INFO: Recording saved as Recordings\Recording_2024-11-18_13-47-39.mp4
2024-11-18 13:59:02,061 | INFO: Rejected all cookies.
2024-11-18 13:59:02,061 | INFO: Trying to play video.
2024-11-18 13:59:02,081 | INFO: Clicked the search bar.
2024-11-18 13:59:02,635 | INFO: Sent keyword.
2024-11-18 13:59:03,958 | INFO: Clicked on the first video available.
2024-11-18 14:04:01,056 | INFO: Rejected all cookies.
2024-11-18 14:04:01,057 | INFO: Trying to play video.
2024-11-18 14:04:01,075 | INFO: Clicked the search bar.
2024-11-18 14:04:01,642 | INFO: Sent keyword.
2024-11-18 14:04:02,697 | INFO: Clicked on the first video available.
2024-11-18 14:04:09,188 | INFO: Starting screen recording.
2024-11-18 14:24:16,270 | INFO: Rejected all cookies.
2024-11-18 14:24:16,271 | INFO: Trying to play video.
2024-11-18 14:24:16,290 | INFO: Clicked the search bar.
2024-11-18 14:24:16,835 | INFO: Sent keyword.
2024-11-18 14:24:17,851 | INFO: Clicked on the first video available.
2024-11-18 14:24:19,018 | WARNING: Age restriction detected. Cannot proceed with the video.
